<?xml version="1.0" encoding="UTF-8"?>
<!-- Generated by org.testng.reporters.JUnitReportReporter -->
<testsuite hostname="Ruchis-MacBook-Air.local" failures="0" tests="1" name="TestCases.Select_Smily" time="4.053" errors="0" timestamp="2023-06-30T16:09:04 GST" skipped="0">
  <testcase classname="TestCases.Select_Smily" name="SearchandSelectAllSmilies" time="4.053"/>
  <system-out>
    <![CDATA[Selected Emoji jack-o-lantern halloween is Visible]]>
  </system-out>
</testsuite> <!-- TestCases.Select_Smily -->
