<?xml version="1.0" encoding="UTF-8"?>
<!-- Generated by org.testng.reporters.JUnitReportReporter -->
<testsuite hostname="Ruchis-MacBook-Air.local" failures="0" tests="1" name="TestCases.Select_Smily" time="5.136" errors="0" timestamp="2023-06-30T15:13:09 GST" skipped="0">
  <testcase classname="TestCases.Select_Smily" name="SearchandSelectAllSmilies" time="5.136"/>
  <system-out>
    <![CDATA[Selected Emoji crying face sad tear is Visible
Selected Emoji loudly crying face sad cry bawling is Visible
Selected Emoji crying cat sad tear is Visible]]>
  </system-out>
</testsuite> <!-- TestCases.Select_Smily -->
